...found 8 targets...
...updating 7 targets...
common.mkdir bin.v2
common.mkdir bin.v2/libs
common.mkdir bin.v2/libs/context
common.mkdir bin.v2/libs/context/config
common.mkdir bin.v2/libs/context/config/clang-darwin-4.2.1
common.mkdir bin.v2/libs/context/config/clang-darwin-4.2.1/debug
clang-darwin.compile.c++ bin.v2/libs/context/config/clang-darwin-4.2.1/debug/32.o
/Users/marekkotewicz/Downloads/boost_1_55_0/libs/context/config/32.cpp:9:10: error: 'test' declared as an array with a negative size
int test[sizeof(void*) == 4? 1 : -1];
         ^~~~~~~~~~~~~~~~~~~~~~~~~~
1 error generated.

    "clang++" -x c++ -O0 -g -arch i386 -arch x86_64 -fvisibility=hidden -fvisibility-inlines-hidden -std=c++11 -stdlib=libc++ -ftemplate-depth=512 -O0 -fno-inline -Wall -g -DBOOST_ALL_NO_LIB=1 -I"." -c -o "bin.v2/libs/context/config/clang-darwin-4.2.1/debug/32.o" "/Users/marekkotewicz/Downloads/boost_1_55_0/libs/context/config/32.cpp"

...failed clang-darwin.compile.c++ bin.v2/libs/context/config/clang-darwin-4.2.1/debug/32.o...
...failed updating 1 target...
...updated 6 targets...
...found 2 targets...
...updating 1 target...
clang-darwin.compile.c++ bin.v2/libs/context/config/clang-darwin-4.2.1/debug/64.o
/Users/marekkotewicz/Downloads/boost_1_55_0/libs/context/config/64.cpp:9:10: error: 'test' declared as an array with a negative size
int test[sizeof(void*) == 8? 1 : -1];
         ^~~~~~~~~~~~~~~~~~~~~~~~~~
1 error generated.

    "clang++" -x c++ -O0 -g -arch i386 -arch x86_64 -fvisibility=hidden -fvisibility-inlines-hidden -std=c++11 -stdlib=libc++ -ftemplate-depth=512 -O0 -fno-inline -Wall -g -DBOOST_ALL_NO_LIB=1 -I"." -c -o "bin.v2/libs/context/config/clang-darwin-4.2.1/debug/64.o" "/Users/marekkotewicz/Downloads/boost_1_55_0/libs/context/config/64.cpp"

...failed clang-darwin.compile.c++ bin.v2/libs/context/config/clang-darwin-4.2.1/debug/64.o...
...failed updating 1 target...
...found 2 targets...
...updating 1 target...
clang-darwin.compile.c++ bin.v2/libs/context/config/clang-darwin-4.2.1/debug/arm.o
/Users/marekkotewicz/Downloads/boost_1_55_0/libs/context/config/arm.cpp:12:2: error: "Not ARM"
#error "Not ARM"
 ^
1 error generated.

    "clang++" -x c++ -O0 -g -arch i386 -arch x86_64 -fvisibility=hidden -fvisibility-inlines-hidden -std=c++11 -stdlib=libc++ -ftemplate-depth=512 -O0 -fno-inline -Wall -g -DBOOST_ALL_NO_LIB=1 -I"." -c -o "bin.v2/libs/context/config/clang-darwin-4.2.1/debug/arm.o" "/Users/marekkotewicz/Downloads/boost_1_55_0/libs/context/config/arm.cpp"

...failed clang-darwin.compile.c++ bin.v2/libs/context/config/clang-darwin-4.2.1/debug/arm.o...
...failed updating 1 target...
...found 2 targets...
...updating 1 target...
clang-darwin.compile.c++ bin.v2/libs/context/config/clang-darwin-4.2.1/debug/mips1.o
/Users/marekkotewicz/Downloads/boost_1_55_0/libs/context/config/mips1.cpp:10:2: error: "Not MIPS1"
#error "Not MIPS1"
 ^
1 error generated.

    "clang++" -x c++ -O0 -g -arch i386 -arch x86_64 -fvisibility=hidden -fvisibility-inlines-hidden -std=c++11 -stdlib=libc++ -ftemplate-depth=512 -O0 -fno-inline -Wall -g -DBOOST_ALL_NO_LIB=1 -I"." -c -o "bin.v2/libs/context/config/clang-darwin-4.2.1/debug/mips1.o" "/Users/marekkotewicz/Downloads/boost_1_55_0/libs/context/config/mips1.cpp"

...failed clang-darwin.compile.c++ bin.v2/libs/context/config/clang-darwin-4.2.1/debug/mips1.o...
...failed updating 1 target...
...found 2 targets...
...updating 1 target...
clang-darwin.compile.c++ bin.v2/libs/context/config/clang-darwin-4.2.1/debug/power.o
/Users/marekkotewicz/Downloads/boost_1_55_0/libs/context/config/power.cpp:13:2: error: "Not PPC"
#error "Not PPC"
 ^
1 error generated.

    "clang++" -x c++ -O0 -g -arch i386 -arch x86_64 -fvisibility=hidden -fvisibility-inlines-hidden -std=c++11 -stdlib=libc++ -ftemplate-depth=512 -O0 -fno-inline -Wall -g -DBOOST_ALL_NO_LIB=1 -I"." -c -o "bin.v2/libs/context/config/clang-darwin-4.2.1/debug/power.o" "/Users/marekkotewicz/Downloads/boost_1_55_0/libs/context/config/power.cpp"

...failed clang-darwin.compile.c++ bin.v2/libs/context/config/clang-darwin-4.2.1/debug/power.o...
...failed updating 1 target...
...found 2 targets...
...updating 1 target...
clang-darwin.compile.c++ bin.v2/libs/context/config/clang-darwin-4.2.1/debug/sparc.o
/Users/marekkotewicz/Downloads/boost_1_55_0/libs/context/config/sparc.cpp:10:2: error: "Not SPARC"
#error "Not SPARC"
 ^
1 error generated.

    "clang++" -x c++ -O0 -g -arch i386 -arch x86_64 -fvisibility=hidden -fvisibility-inlines-hidden -std=c++11 -stdlib=libc++ -ftemplate-depth=512 -O0 -fno-inline -Wall -g -DBOOST_ALL_NO_LIB=1 -I"." -c -o "bin.v2/libs/context/config/clang-darwin-4.2.1/debug/sparc.o" "/Users/marekkotewicz/Downloads/boost_1_55_0/libs/context/config/sparc.cpp"

...failed clang-darwin.compile.c++ bin.v2/libs/context/config/clang-darwin-4.2.1/debug/sparc.o...
...failed updating 1 target...
...found 2 targets...
...updating 1 target...
clang-darwin.compile.c++ bin.v2/libs/context/config/clang-darwin-4.2.1/debug/x86.o
...updated 1 target...
...found 2 targets...
...updating 2 targets...
common.mkdir bin.v2/libs/context/config/clang-darwin-4.2.1/debug/architecture-x86
clang-darwin.compile.c++ bin.v2/libs/context/config/clang-darwin-4.2.1/debug/architecture-x86/32.o
/Users/marekkotewicz/Downloads/boost_1_55_0/libs/context/config/32.cpp:9:10: error: 'test' declared as an array with a negative size
int test[sizeof(void*) == 4? 1 : -1];
         ^~~~~~~~~~~~~~~~~~~~~~~~~~
1 error generated.

    "clang++" -x c++ -O0 -g -arch i386 -arch x86_64 -fvisibility=hidden -fvisibility-inlines-hidden -std=c++11 -stdlib=libc++ -ftemplate-depth=512 -O0 -fno-inline -Wall -g -DBOOST_ALL_NO_LIB=1 -I"." -c -o "bin.v2/libs/context/config/clang-darwin-4.2.1/debug/architecture-x86/32.o" "/Users/marekkotewicz/Downloads/boost_1_55_0/libs/context/config/32.cpp"

...failed clang-darwin.compile.c++ bin.v2/libs/context/config/clang-darwin-4.2.1/debug/architecture-x86/32.o...
...failed updating 1 target...
...updated 1 target...
...found 1 target...
...updating 1 target...
clang-darwin.compile.c++ bin.v2/libs/context/config/clang-darwin-4.2.1/debug/architecture-x86/64.o
/Users/marekkotewicz/Downloads/boost_1_55_0/libs/context/config/64.cpp:9:10: error: 'test' declared as an array with a negative size
int test[sizeof(void*) == 8? 1 : -1];
         ^~~~~~~~~~~~~~~~~~~~~~~~~~
1 error generated.

    "clang++" -x c++ -O0 -g -arch i386 -arch x86_64 -fvisibility=hidden -fvisibility-inlines-hidden -std=c++11 -stdlib=libc++ -ftemplate-depth=512 -O0 -fno-inline -Wall -g -DBOOST_ALL_NO_LIB=1 -I"." -c -o "bin.v2/libs/context/config/clang-darwin-4.2.1/debug/architecture-x86/64.o" "/Users/marekkotewicz/Downloads/boost_1_55_0/libs/context/config/64.cpp"

...failed clang-darwin.compile.c++ bin.v2/libs/context/config/clang-darwin-4.2.1/debug/architecture-x86/64.o...
...failed updating 1 target...
...found 11 targets...
...updating 6 targets...
common.mkdir bin.v2/libs/regex
common.mkdir bin.v2/libs/regex/build
common.mkdir bin.v2/libs/regex/build/clang-darwin-4.2.1
common.mkdir bin.v2/libs/regex/build/clang-darwin-4.2.1/debug
clang-darwin.compile.c++ bin.v2/libs/regex/build/clang-darwin-4.2.1/debug/has_icu_test.o
libs/regex/build/has_icu_test.cpp:12:10: fatal error: 'unicode/uversion.h' file not found
#include <unicode/uversion.h>
         ^
1 error generated.

    "clang++" -x c++ -O0 -g -arch i386 -arch x86_64 -fvisibility=hidden -fvisibility-inlines-hidden -std=c++11 -stdlib=libc++ -ftemplate-depth=512 -O0 -fno-inline -Wall -pedantic -g -DBOOST_ALL_NO_LIB=1 -DBOOST_HAS_ICU=1 -I"." -c -o "bin.v2/libs/regex/build/clang-darwin-4.2.1/debug/has_icu_test.o" "libs/regex/build/has_icu_test.cpp"

...failed clang-darwin.compile.c++ bin.v2/libs/regex/build/clang-darwin-4.2.1/debug/has_icu_test.o...
...skipped <pbin.v2/libs/regex/build/clang-darwin-4.2.1/debug>has_icu for lack of <pbin.v2/libs/regex/build/clang-darwin-4.2.1/debug>has_icu_test.o...
...failed updating 1 target...
...skipped 1 target...
...updated 4 targets...
...found 10 targets...
...updating 8 targets...
common.mkdir bin.v2/standalone
common.mkdir bin.v2/standalone/ac
common.mkdir bin.v2/standalone/ac/clang-darwin-4.2.1
common.mkdir bin.v2/standalone/ac/clang-darwin-4.2.1/release
common.mkdir bin.v2/standalone/ac/clang-darwin-4.2.1/release/link-static
common.mkdir bin.v2/standalone/ac/clang-darwin-4.2.1/release/link-static/threading-multi
clang-darwin.compile.c++ bin.v2/standalone/ac/clang-darwin-4.2.1/release/link-static/threading-multi/zlib.h.o
...updated 8 targets...
...found 5 targets...
...updating 3 targets...
clang-darwin.compile.c++ bin.v2/standalone/ac/clang-darwin-4.2.1/release/link-static/threading-multi/main.o
clang-darwin.link bin.v2/standalone/ac/clang-darwin-4.2.1/release/link-static/threading-multi/z
...updated 3 targets...
...found 8 targets...
...updating 6 targets...
common.mkdir bin.v2/libs/locale
common.mkdir bin.v2/libs/locale/build
common.mkdir bin.v2/libs/locale/build/clang-darwin-4.2.1
common.mkdir bin.v2/libs/locale/build/clang-darwin-4.2.1/debug
clang-darwin.compile.c++ bin.v2/libs/locale/build/clang-darwin-4.2.1/debug/has_iconv_libc_obj.o
clang-darwin.link bin.v2/libs/locale/build/clang-darwin-4.2.1/debug/has_iconv
Undefined symbols for architecture x86_64:
  "_iconv_open", referenced from:
      _main in has_iconv_libc_obj.o
ld: symbol(s) not found for architecture x86_64
clang: error: linker command failed with exit code 1 (use -v to see invocation)

    "clang++" -stdlib=libc++ -stdlib=libc++  -o "bin.v2/libs/locale/build/clang-darwin-4.2.1/debug/has_iconv" "bin.v2/libs/locale/build/clang-darwin-4.2.1/debug/has_iconv_libc_obj.o"    -g

...failed clang-darwin.link bin.v2/libs/locale/build/clang-darwin-4.2.1/debug/has_iconv...
...failed updating 1 target...
...updated 5 targets...
...found 2 targets...
...updating 2 targets...
clang-darwin.compile.c++ bin.v2/libs/locale/build/clang-darwin-4.2.1/debug/has_iconv_libc_ext.o
clang-darwin.link bin.v2/libs/locale/build/clang-darwin-4.2.1/debug/has_external_iconv
...updated 2 targets...
...found 4 targets...
...updating 2 targets...
clang-darwin.compile.c++ bin.v2/libs/locale/build/clang-darwin-4.2.1/debug/has_icu_obj.o
libs/locale/src/../build/has_icu_test.cpp:12:10: fatal error: 'unicode/uversion.h' file not found
#include <unicode/uversion.h>
         ^
1 error generated.

    "clang++" -x c++ -O0 -g -arch i386 -arch x86_64 -fvisibility=hidden -fvisibility-inlines-hidden -std=c++11 -stdlib=libc++ -ftemplate-depth=512 -O0 -fno-inline -Wall -g -DBOOST_ALL_NO_LIB=1 -I"." -c -o "bin.v2/libs/locale/build/clang-darwin-4.2.1/debug/has_icu_obj.o" "libs/locale/src/../build/has_icu_test.cpp"

...failed clang-darwin.compile.c++ bin.v2/libs/locale/build/clang-darwin-4.2.1/debug/has_icu_obj.o...
...skipped <pbin.v2/libs/locale/build/clang-darwin-4.2.1/debug>has_icu for lack of <pbin.v2/libs/locale/build/clang-darwin-4.2.1/debug>has_icu_obj.o...
...failed updating 1 target...
...skipped 1 target...
...found 2 targets...
...updating 2 targets...
clang-darwin.compile.c++ bin.v2/libs/locale/build/clang-darwin-4.2.1/debug/has_icu64_obj.o
libs/locale/src/../build/has_icu_test.cpp:12:10: fatal error: 'unicode/uversion.h' file not found
#include <unicode/uversion.h>
         ^
1 error generated.

    "clang++" -x c++ -O0 -g -arch i386 -arch x86_64 -fvisibility=hidden -fvisibility-inlines-hidden -std=c++11 -stdlib=libc++ -ftemplate-depth=512 -O0 -fno-inline -Wall -g -DBOOST_ALL_NO_LIB=1 -I"." -c -o "bin.v2/libs/locale/build/clang-darwin-4.2.1/debug/has_icu64_obj.o" "libs/locale/src/../build/has_icu_test.cpp"

...failed clang-darwin.compile.c++ bin.v2/libs/locale/build/clang-darwin-4.2.1/debug/has_icu64_obj.o...
...skipped <pbin.v2/libs/locale/build/clang-darwin-4.2.1/debug>has_icu64 for lack of <pbin.v2/libs/locale/build/clang-darwin-4.2.1/debug>has_icu64_obj.o...
...failed updating 1 target...
...skipped 1 target...
...found 9 targets...
...updating 7 targets...
common.mkdir bin.v2/libs/log
common.mkdir bin.v2/libs/log/config
common.mkdir bin.v2/libs/log/config/x86-ext
common.mkdir bin.v2/libs/log/config/x86-ext/clang-darwin-4.2.1
common.mkdir bin.v2/libs/log/config/x86-ext/clang-darwin-4.2.1/debug
common.mkdir bin.v2/libs/log/config/x86-ext/clang-darwin-4.2.1/debug/pch-off
clang-darwin.compile.c++ bin.v2/libs/log/config/x86-ext/clang-darwin-4.2.1/debug/pch-off/ssse3.o
...updated 7 targets...
...patience...
...found 283 targets...
...updating 14 targets...
common.mkdir bin.v2/libs/thread
common.mkdir bin.v2/libs/thread/build
common.mkdir bin.v2/libs/thread/build/clang-darwin-4.2.1
common.mkdir bin.v2/libs/thread/build/clang-darwin-4.2.1/debug
common.mkdir bin.v2/libs/thread/build/clang-darwin-4.2.1/debug/threading-multi
clang-darwin.compile.c++ bin.v2/libs/thread/build/clang-darwin-4.2.1/debug/threading-multi/has_atomic_flag_lockfree_test.o
libs/thread/src/../build/has_atomic_flag_lockfree_test.cpp:9:14: warning: unused parameter 'argc' [-Wunused-parameter]
int main(int argc, char *argv[]) 
             ^
libs/thread/src/../build/has_atomic_flag_lockfree_test.cpp:9:26: warning: unused parameter 'argv' [-Wunused-parameter]
int main(int argc, char *argv[]) 
                         ^
2 warnings generated.
libs/thread/src/../build/has_atomic_flag_lockfree_test.cpp:9:14: warning: unused parameter 'argc' [-Wunused-parameter]
int main(int argc, char *argv[]) 
             ^
libs/thread/src/../build/has_atomic_flag_lockfree_test.cpp:9:26: warning: unused parameter 'argv' [-Wunused-parameter]
int main(int argc, char *argv[]) 
                         ^
2 warnings generated.
common.mkdir bin.v2/libs/system
common.mkdir bin.v2/libs/system/build
common.mkdir bin.v2/libs/system/build/clang-darwin-4.2.1
common.mkdir bin.v2/libs/system/build/clang-darwin-4.2.1/debug
common.mkdir bin.v2/libs/system/build/clang-darwin-4.2.1/debug/threading-multi
clang-darwin.compile.c++ bin.v2/libs/system/build/clang-darwin-4.2.1/debug/threading-multi/error_code.o
clang-darwin.link.dll bin.v2/libs/system/build/clang-darwin-4.2.1/debug/threading-multi/libboost_system.dylib
clang-darwin.link bin.v2/libs/thread/build/clang-darwin-4.2.1/debug/threading-multi/has_atomic_flag_lockfree
...updated 14 targets...
...found 3 targets...
...updating 1 target...
clang-darwin.compile.c++ bin.v2/libs/log/config/x86-ext/clang-darwin-4.2.1/debug/pch-off/avx2.o
...updated 1 target...
...found 6 targets...
...updating 5 targets...
common.mkdir bin.v2/libs/math
common.mkdir bin.v2/libs/math/config
common.mkdir bin.v2/libs/math/config/clang-darwin-4.2.1
common.mkdir bin.v2/libs/math/config/clang-darwin-4.2.1/debug
clang-darwin.compile.c++ bin.v2/libs/math/config/clang-darwin-4.2.1/debug/has_gcc_visibility.o
...updated 5 targets...
...found 17 targets...
...updating 1 target...
clang-darwin.compile.c++ bin.v2/libs/math/config/clang-darwin-4.2.1/debug/has_long_double_support.o
...updated 1 target...
...found 1 target...
...updating 1 target...
config-cache.write bin.v2/project-cache.jam
...updated 1 target...
